{
  "RSpec": {
    "coverage": {
      "/home/fedex/code/ticket_master/app/models/account.rb": [
        1,
        null,
        null,
        1,
        null,
        null,
        1,
        1,
        null,
        1,
        1,
        null,
        1,
        6,
        6,
        null,
        null,
        1,
        1,
        null,
        null,
        1,
        1,
        null,
        null,
        1,
        1,
        null,
        null,
        1,
        0,
        0,
        0,
        null,
        0,
        null,
        0,
        null,
        null
      ],
      "/home/fedex/code/ticket_master/app/models/application_record.rb": [
        1,
        1,
        null
      ],
      "/home/fedex/code/ticket_master/app/helpers/application_helper.rb": [
        1,
        null
      ],
      "/home/fedex/code/ticket_master/app/models/role.rb": [
        1,
        1,
        1,
        null,
        1,
        12,
        12,
        null,
        null
      ],
      "/home/fedex/code/ticket_master/app/controllers/tickets_controller.rb": [
        1,
        1,
        0,
        null,
        null
      ],
      "/home/fedex/code/ticket_master/app/controllers/application_controller.rb": [
        1,
        1,
        null,
        1,
        0,
        null,
        null,
        1,
        0,
        null,
        null,
        1,
        0,
        null,
        null
      ],
      "/home/fedex/code/ticket_master/app/models/ticket.rb": [
        1,
        1,
        1,
        null,
        1,
        null,
        1,
        1,
        1,
        1,
        1,
        null,
        null,
        1,
        1,
        1,
        null,
        null,
        1,
        1,
        null,
        null,
        null,
        1,
        2,
        2,
        null,
        null,
        1,
        1,
        null,
        null,
        1,
        1,
        null,
        null,
        1,
        1,
        null,
        null,
        1,
        1,
        null,
        null
      ],
      "/home/fedex/code/ticket_master/app/models/account_role.rb": [
        1,
        1,
        1,
        null
      ],
      "/home/fedex/code/ticket_master/app/controllers/spa_controller.rb": [
        1,
        1,
        null,
        1,
        0,
        null,
        null,
        1,
        1,
        null,
        null,
        1,
        1,
        null,
        null,
        1,
        1,
        null,
        null,
        1,
        null,
        1,
        3,
        null,
        null,
        1,
        3,
        null,
        null,
        null
      ],
      "/home/fedex/code/ticket_master/app/presenters/account_presenter.rb": [
        1,
        1,
        null,
        null,
        3,
        null,
        null
      ],
      "/home/fedex/code/ticket_master/app/mailers/application_mailer.rb": [
        0,
        0,
        0,
        0
      ],
      "/home/fedex/code/ticket_master/app/channels/application_cable/connection.rb": [
        0,
        0,
        0,
        0
      ],
      "/home/fedex/code/ticket_master/app/channels/application_cable/channel.rb": [
        0,
        0,
        0,
        0
      ],
      "/home/fedex/code/ticket_master/app/controllers/api/accounts_controller.rb": [
        0,
        0,
        0,
        0,
        0,
        0,
        0,
        0,
        0,
        0,
        0,
        0,
        0,
        0,
        0,
        0,
        0,
        0,
        0,
        0,
        0,
        0,
        0,
        0,
        0
      ],
      "/home/fedex/code/ticket_master/app/controllers/api/api_controller.rb": [
        0,
        0,
        0,
        0,
        0,
        0,
        0,
        0,
        0,
        0,
        0,
        0,
        0,
        0
      ],
      "/home/fedex/code/ticket_master/app/controllers/api/tickets_controller.rb": [
        0,
        0,
        0,
        0,
        0,
        0,
        0,
        0,
        0,
        0,
        0,
        0,
        0,
        0,
        0,
        0,
        0,
        0,
        0,
        0,
        0,
        0,
        0,
        0,
        0,
        0,
        0,
        0,
        0,
        0,
        0,
        0,
        0,
        0,
        0,
        0,
        0,
        0,
        0,
        0,
        0,
        0,
        0,
        0,
        0,
        0,
        0,
        0,
        0,
        0,
        0,
        0,
        0,
        0,
        0,
        0,
        0,
        0,
        0,
        0,
        0,
        0,
        0,
        0,
        0,
        0,
        0,
        0,
        0,
        0,
        0,
        0,
        0,
        0,
        0,
        0,
        0,
        0
      ],
      "/home/fedex/code/ticket_master/app/models/comment.rb": [
        0,
        0,
        0,
        0
      ],
      "/home/fedex/code/ticket_master/app/jobs/application_job.rb": [
        0,
        0
      ]
    },
    "timestamp": 1488259622
  }
}
